<?xml version='1.0' encoding='utf-8'?>
<testsuites tests="3" errors="0" failures="3"><testsuite name="pokeplatinum" tests="3" errors="0" failures="3" skipped="0" time="0.28939104080200195"><testcase name="SBIN Checksums" classname="pokeplatinum" time="0.28939104080200195"><failure /><system-out>main.sbin: FAILED
overlay1.sbin: FAILED
overlay4.sbin: FAILED
overlay5.sbin: FAILED
overlay6.sbin: FAILED
overlay7.sbin: FAILED
overlay8.sbin: FAILED
overlay9.sbin: FAILED
overlay10.sbin: FAILED
overlay11.sbin: FAILED
overlay12.sbin: FAILED
overlay13.sbin: FAILED
trainer_ai.sbin: FAILED
battle.sbin: FAILED
overlay17.sbin: FAILED
overlay18.sbin: FAILED
overlay19.sbin: FAILED
overlay20.sbin: FAILED
overlay21.sbin: FAILED
overlay22.sbin: FAILED
overlay23.sbin: FAILED
overlay24.sbin: FAILED
overlay25.sbin: FAILED
overlay26.sbin: FAILED
overlay27.sbin: FAILED
overlay28.sbin: FAILED
overlay29.sbin: FAILED
overlay30.sbin: FAILED
overlay31.sbin: FAILED
overlay32.sbin: FAILED
overlay33.sbin: FAILED
overlay34.sbin: FAILED
overlay35.sbin: FAILED
overlay36.sbin: FAILED
overlay37.sbin: FAILED
overlay38.sbin: FAILED
overlay39.sbin: FAILED
overlay40.sbin: FAILED
overlay41.sbin: FAILED
overlay42.sbin: FAILED
overlay43.sbin: FAILED
overlay44.sbin: FAILED
overlay45.sbin: FAILED
overlay46.sbin: FAILED
overlay47.sbin: FAILED
overlay48.sbin: FAILED
overlay49.sbin: FAILED
overlay50.sbin: FAILED
overlay51.sbin: FAILED
overlay52.sbin: FAILED
overlay53.sbin: FAILED
overlay54.sbin: FAILED
overlay55.sbin: FAILED
overlay56.sbin: FAILED
overlay57.sbin: FAILED
overlay58.sbin: FAILED
overlay59.sbin: FAILED
overlay60.sbin: FAILED
overlay61.sbin: FAILED
overlay62.sbin: FAILED
overlay63.sbin: FAILED
overlay64.sbin: FAILED
overlay65.sbin: FAILED
overlay66.sbin: FAILED
overlay67.sbin: FAILED
overlay68.sbin: FAILED
overlay69.sbin: FAILED
overlay70.sbin: FAILED
overlay71.sbin: FAILED
overlay72.sbin: FAILED
overlay73.sbin: FAILED
overlay74.sbin: FAILED
overlay75.sbin: FAILED
overlay76.sbin: FAILED
overlay77.sbin: FAILED
choose_starter.sbin: FAILED
overlay79.sbin: FAILED
overlay80.sbin: FAILED
overlay81.sbin: FAILED
overlay82.sbin: FAILED
overlay83.sbin: FAILED
overlay84.sbin: FAILED
overlay85.sbin: FAILED
overlay86.sbin: FAILED
overlay87.sbin: FAILED
overlay88.sbin: FAILED
overlay90.sbin: FAILED
overlay91.sbin: FAILED
overlay92.sbin: FAILED
overlay93.sbin: FAILED
overlay94.sbin: FAILED
overlay95.sbin: FAILED
overlay96.sbin: FAILED
overlay97.sbin: FAILED
overlay98.sbin: FAILED
overlay99.sbin: FAILED
overlay100.sbin: FAILED
overlay101.sbin: FAILED
overlay102.sbin: FAILED
overlay104.sbin: FAILED
overlay105.sbin: FAILED
overlay106.sbin: FAILED
overlay107.sbin: FAILED
overlay108.sbin: FAILED
overlay109.sbin: FAILED
overlay110.sbin: FAILED
overlay111.sbin: FAILED
overlay112.sbin: FAILED
overlay113.sbin: FAILED
overlay114.sbin: FAILED
overlay115.sbin: FAILED
overlay116.sbin: FAILED
overlay117.sbin: FAILED
overlay118.sbin: FAILED
overlay119.sbin: FAILED
overlay120.sbin: FAILED
overlay121.sbin: FAILED</system-out><system-err>/usr/bin/sha1sum: WARNING: 117 computed checksums did NOT match</system-err></testcase><testcase name="Filesystem Checksums" classname="pokeplatinum" time="0.2444922924041748"><failure /><system-out>res/text/pl_msg.narc: FAILED
res/pokemon/pl_personal.narc: FAILED
res/pokemon/evo.narc: FAILED
res/pokemon/wotbl.narc: FAILED
res/trainers/trdata.narc: FAILED
res/trainers/trpoke.narc: FAILED
res/battle/scripts/be_seq.narc: FAILED
res/battle/scripts/sub_seq.narc: FAILED
res/battle/moves/pl_waza_tbl.narc: FAILED
res/prebuilt/itemtool/itemdata/item_icon.narc: FAILED
res/items/pl_item_data.narc: FAILED
res/field/encounters/pl_enc_data.narc: FAILED</system-out><system-err>/usr/bin/sha1sum: WARNING: 12 computed checksums did NOT match</system-err></testcase><testcase name="ROM Checksum" classname="pokeplatinum" time="0.24817657470703125"><failure /><system-out>pokeplatinum.us.nds: FAILED</system-out><system-err>/usr/bin/sha1sum: WARNING: 1 computed checksum did NOT match</system-err></testcase></testsuite></testsuites>